  SSHAuthNative.cpp
zlibstat.lib(inflate.obj) : warning LNK4099: PDB '' was not found with 'zlibstat.lib(inflate.obj)' or at ''; linking object as if no debug info
zlibstat.lib(deflate.obj) : warning LNK4099: PDB '' was not found with 'zlibstat.lib(deflate.obj)' or at ''; linking object as if no debug info
zlibstat.lib(zutil.obj) : warning LNK4099: PDB '' was not found with 'zlibstat.lib(zutil.obj)' or at ''; linking object as if no debug info
zlibstat.lib(inffas8664.obj) : warning LNK4099: PDB '' was not found with 'zlibstat.lib(inffas8664.obj)' or at ''; linking object as if no debug info
zlibstat.lib(inftrees.obj) : warning LNK4099: PDB '' was not found with 'zlibstat.lib(inftrees.obj)' or at ''; linking object as if no debug info
zlibstat.lib(adler32.obj) : warning LNK4099: PDB '' was not found with 'zlibstat.lib(adler32.obj)' or at ''; linking object as if no debug info
zlibstat.lib(crc32.obj) : warning LNK4099: PDB '' was not found with 'zlibstat.lib(crc32.obj)' or at ''; linking object as if no debug info
zlibstat.lib(trees.obj) : warning LNK4099: PDB '' was not found with 'zlibstat.lib(trees.obj)' or at ''; linking object as if no debug info
libcrypto.lib(eng_fat.obj) : warning LNK4099: PDB '' was not found with 'libcrypto.lib(eng_fat.obj)' or at ''; linking object as if no debug info
libcrypto.lib(eng_all.obj) : warning LNK4099: PDB '' was not found with 'libcrypto.lib(eng_all.obj)' or at ''; linking object as if no debug info
libcrypto.lib(init.obj) : warning LNK4099: PDB '' was not found with 'libcrypto.lib(init.obj)' or at ''; linking object as if no debug info
libcrypto.lib(rsa_lib.obj) : warning LNK4099: PDB '' was not found with 'libcrypto.lib(rsa_lib.obj)' or at ''; linking object as if no debug info
libcrypto.lib(bn_lib.obj) : warning LNK4099: PDB '' was not found with 'libcrypto.lib(bn_lib.obj)' or at ''; linking object as if no debug info
libcrypto.lib(dsa_lib.obj) : warning LNK4099: PDB '' was not found with 'libcrypto.lib(dsa_lib.obj)' or at ''; linking object as if no debug info
libcrypto.lib(evp_enc.obj) : warning LNK4099: PDB '' was not found with 'libcrypto.lib(evp_enc.obj)' or at ''; linking object as if no debug info
libcrypto.lib(evp_lib.obj) : warning LNK4099: PDB '' was not found with 'libcrypto.lib(evp_lib.obj)' or at ''; linking object as if no debug info
libcrypto.lib(e_aes.obj) : warning LNK4099: PDB '' was not found with 'libcrypto.lib(e_aes.obj)' or at ''; linking object as if no debug info
libcrypto.lib(cmeth_lib.obj) : warning LNK4099: PDB '' was not found with 'libcrypto.lib(cmeth_lib.obj)' or at ''; linking object as if no debug info
libcrypto.lib(bio_lib.obj) : warning LNK4099: PDB '' was not found with 'libcrypto.lib(bio_lib.obj)' or at ''; linking object as if no debug info
libcrypto.lib(bss_mem.obj) : warning LNK4099: PDB '' was not found with 'libcrypto.lib(bss_mem.obj)' or at ''; linking object as if no debug info
libcrypto.lib(bss_file.obj) : warning LNK4099: PDB '' was not found with 'libcrypto.lib(bss_file.obj)' or at ''; linking object as if no debug info
libcrypto.lib(pem_all.obj) : warning LNK4099: PDB '' was not found with 'libcrypto.lib(pem_all.obj)' or at ''; linking object as if no debug info
libcrypto.lib(rsa_sign.obj) : warning LNK4099: PDB '' was not found with 'libcrypto.lib(rsa_sign.obj)' or at ''; linking object as if no debug info
libcrypto.lib(rsa_crpt.obj) : warning LNK4099: PDB '' was not found with 'libcrypto.lib(rsa_crpt.obj)' or at ''; linking object as if no debug info
libcrypto.lib(dsa_asn1.obj) : warning LNK4099: PDB '' was not found with 'libcrypto.lib(dsa_asn1.obj)' or at ''; linking object as if no debug info
libcrypto.lib(dsa_sign.obj) : warning LNK4099: PDB '' was not found with 'libcrypto.lib(dsa_sign.obj)' or at ''; linking object as if no debug info
libcrypto.lib(digest.obj) : warning LNK4099: PDB '' was not found with 'libcrypto.lib(digest.obj)' or at ''; linking object as if no debug info
libcrypto.lib(names.obj) : warning LNK4099: PDB '' was not found with 'libcrypto.lib(names.obj)' or at ''; linking object as if no debug info
libcrypto.lib(p_lib.obj) : warning LNK4099: PDB '' was not found with 'libcrypto.lib(p_lib.obj)' or at ''; linking object as if no debug info
libcrypto.lib(pem_pkey.obj) : warning LNK4099: PDB '' was not found with 'libcrypto.lib(pem_pkey.obj)' or at ''; linking object as if no debug info
libcrypto.lib(dsa_vrf.obj) : warning LNK4099: PDB '' was not found with 'libcrypto.lib(dsa_vrf.obj)' or at ''; linking object as if no debug info
libcrypto.lib(rand_lib.obj) : warning LNK4099: PDB '' was not found with 'libcrypto.lib(rand_lib.obj)' or at ''; linking object as if no debug info
libcrypto.lib(bn_ctx.obj) : warning LNK4099: PDB '' was not found with 'libcrypto.lib(bn_ctx.obj)' or at ''; linking object as if no debug info
libcrypto.lib(bn_exp.obj) : warning LNK4099: PDB '' was not found with 'libcrypto.lib(bn_exp.obj)' or at ''; linking object as if no debug info
libcrypto.lib(bn_rand.obj) : warning LNK4099: PDB '' was not found with 'libcrypto.lib(bn_rand.obj)' or at ''; linking object as if no debug info
libcrypto.lib(hmac.obj) : warning LNK4099: PDB '' was not found with 'libcrypto.lib(hmac.obj)' or at ''; linking object as if no debug info
libcrypto.lib(m_sha1.obj) : warning LNK4099: PDB '' was not found with 'libcrypto.lib(m_sha1.obj)' or at ''; linking object as if no debug info
libcrypto.lib(m_md5.obj) : warning LNK4099: PDB '' was not found with 'libcrypto.lib(m_md5.obj)' or at ''; linking object as if no debug info
libcrypto.lib(m_ripemd.obj) : warning LNK4099: PDB '' was not found with 'libcrypto.lib(m_ripemd.obj)' or at ''; linking object as if no debug info
libcrypto.lib(e_des3.obj) : warning LNK4099: PDB '' was not found with 'libcrypto.lib(e_des3.obj)' or at ''; linking object as if no debug info
libcrypto.lib(e_cast.obj) : warning LNK4099: PDB '' was not found with 'libcrypto.lib(e_cast.obj)' or at ''; linking object as if no debug info
libcrypto.lib(e_rc4.obj) : warning LNK4099: PDB '' was not found with 'libcrypto.lib(e_rc4.obj)' or at ''; linking object as if no debug info
libcrypto.lib(e_bf.obj) : warning LNK4099: PDB '' was not found with 'libcrypto.lib(e_bf.obj)' or at ''; linking object as if no debug info
libcrypto.lib(tb_asnmth.obj) : warning LNK4099: PDB '' was not found with 'libcrypto.lib(tb_asnmth.obj)' or at ''; linking object as if no debug info
libcrypto.lib(tb_pkmeth.obj) : warning LNK4099: PDB '' was not found with 'libcrypto.lib(tb_pkmeth.obj)' or at ''; linking object as if no debug info
libcrypto.lib(tb_rand.obj) : warning LNK4099: PDB '' was not found with 'libcrypto.lib(tb_rand.obj)' or at ''; linking object as if no debug info
libcrypto.lib(tb_eckey.obj) : warning LNK4099: PDB '' was not found with 'libcrypto.lib(tb_eckey.obj)' or at ''; linking object as if no debug info
libcrypto.lib(tb_dh.obj) : warning LNK4099: PDB '' was not found with 'libcrypto.lib(tb_dh.obj)' or at ''; linking object as if no debug info
libcrypto.lib(tb_dsa.obj) : warning LNK4099: PDB '' was not found with 'libcrypto.lib(tb_dsa.obj)' or at ''; linking object as if no debug info
libcrypto.lib(tb_rsa.obj) : warning LNK4099: PDB '' was not found with 'libcrypto.lib(tb_rsa.obj)' or at ''; linking object as if no debug info
libcrypto.lib(tb_digest.obj) : warning LNK4099: PDB '' was not found with 'libcrypto.lib(tb_digest.obj)' or at ''; linking object as if no debug info
libcrypto.lib(tb_cipher.obj) : warning LNK4099: PDB '' was not found with 'libcrypto.lib(tb_cipher.obj)' or at ''; linking object as if no debug info
libcrypto.lib(err.obj) : warning LNK4099: PDB '' was not found with 'libcrypto.lib(err.obj)' or at ''; linking object as if no debug info
libcrypto.lib(conf_mod.obj) : warning LNK4099: PDB '' was not found with 'libcrypto.lib(conf_mod.obj)' or at ''; linking object as if no debug info
libcrypto.lib(eng_list.obj) : warning LNK4099: PDB '' was not found with 'libcrypto.lib(eng_list.obj)' or at ''; linking object as if no debug info
libcrypto.lib(cryptlib.obj) : warning LNK4099: PDB '' was not found with 'libcrypto.lib(cryptlib.obj)' or at ''; linking object as if no debug info
libcrypto.lib(threads_win.obj) : warning LNK4099: PDB '' was not found with 'libcrypto.lib(threads_win.obj)' or at ''; linking object as if no debug info
libcrypto.lib(mem.obj) : warning LNK4099: PDB '' was not found with 'libcrypto.lib(mem.obj)' or at ''; linking object as if no debug info
libcrypto.lib(err_all.obj) : warning LNK4099: PDB '' was not found with 'libcrypto.lib(err_all.obj)' or at ''; linking object as if no debug info
libcrypto.lib(c_allc.obj) : warning LNK4099: PDB '' was not found with 'libcrypto.lib(c_allc.obj)' or at ''; linking object as if no debug info
libcrypto.lib(c_alld.obj) : warning LNK4099: PDB '' was not found with 'libcrypto.lib(c_alld.obj)' or at ''; linking object as if no debug info
libcrypto.lib(conf_sap.obj) : warning LNK4099: PDB '' was not found with 'libcrypto.lib(conf_sap.obj)' or at ''; linking object as if no debug info
libcrypto.lib(async.obj) : warning LNK4099: PDB '' was not found with 'libcrypto.lib(async.obj)' or at ''; linking object as if no debug info
libcrypto.lib(eng_openssl.obj) : warning LNK4099: PDB '' was not found with 'libcrypto.lib(eng_openssl.obj)' or at ''; linking object as if no debug info
libcrypto.lib(eng_rdrand.obj) : warning LNK4099: PDB '' was not found with 'libcrypto.lib(eng_rdrand.obj)' or at ''; linking object as if no debug info
libcrypto.lib(eng_dyn.obj) : warning LNK4099: PDB '' was not found with 'libcrypto.lib(eng_dyn.obj)' or at ''; linking object as if no debug info
libcrypto.lib(e_padlock.obj) : warning LNK4099: PDB '' was not found with 'libcrypto.lib(e_padlock.obj)' or at ''; linking object as if no debug info
libcrypto.lib(e_capi.obj) : warning LNK4099: PDB '' was not found with 'libcrypto.lib(e_capi.obj)' or at ''; linking object as if no debug info
libcrypto.lib(obj_dat.obj) : warning LNK4099: PDB '' was not found with 'libcrypto.lib(obj_dat.obj)' or at ''; linking object as if no debug info
libcrypto.lib(ex_data.obj) : warning LNK4099: PDB '' was not found with 'libcrypto.lib(ex_data.obj)' or at ''; linking object as if no debug info
libcrypto.lib(eng_lib.obj) : warning LNK4099: PDB '' was not found with 'libcrypto.lib(eng_lib.obj)' or at ''; linking object as if no debug info
libcrypto.lib(c_zlib.obj) : warning LNK4099: PDB '' was not found with 'libcrypto.lib(c_zlib.obj)' or at ''; linking object as if no debug info
libcrypto.lib(rsa_ossl.obj) : warning LNK4099: PDB '' was not found with 'libcrypto.lib(rsa_ossl.obj)' or at ''; linking object as if no debug info
libcrypto.lib(eng_init.obj) : warning LNK4099: PDB '' was not found with 'libcrypto.lib(eng_init.obj)' or at ''; linking object as if no debug info
libcrypto.lib(bn_blind.obj) : warning LNK4099: PDB '' was not found with 'libcrypto.lib(bn_blind.obj)' or at ''; linking object as if no debug info
libcrypto.lib(bn_mont.obj) : warning LNK4099: PDB '' was not found with 'libcrypto.lib(bn_mont.obj)' or at ''; linking object as if no debug info
libcrypto.lib(mem_sec.obj) : warning LNK4099: PDB '' was not found with 'libcrypto.lib(mem_sec.obj)' or at ''; linking object as if no debug info
libcrypto.lib(dsa_ossl.obj) : warning LNK4099: PDB '' was not found with 'libcrypto.lib(dsa_ossl.obj)' or at ''; linking object as if no debug info
libcrypto.lib(asn1_lib.obj) : warning LNK4099: PDB '' was not found with 'libcrypto.lib(asn1_lib.obj)' or at ''; linking object as if no debug info
libcrypto.lib(tasn_typ.obj) : warning LNK4099: PDB '' was not found with 'libcrypto.lib(tasn_typ.obj)' or at ''; linking object as if no debug info
libcrypto.lib(dh_lib.obj) : warning LNK4099: PDB '' was not found with 'libcrypto.lib(dh_lib.obj)' or at ''; linking object as if no debug info
libcrypto.lib(evp_asn1.obj) : warning LNK4099: PDB '' was not found with 'libcrypto.lib(evp_asn1.obj)' or at ''; linking object as if no debug info
libcrypto.lib(a_object.obj) : warning LNK4099: PDB '' was not found with 'libcrypto.lib(a_object.obj)' or at ''; linking object as if no debug info
libcrypto.lib(a_type.obj) : warning LNK4099: PDB '' was not found with 'libcrypto.lib(a_type.obj)' or at ''; linking object as if no debug info
libcrypto.lib(gcm128.obj) : warning LNK4099: PDB '' was not found with 'libcrypto.lib(gcm128.obj)' or at ''; linking object as if no debug info
libcrypto.lib(ccm128.obj) : warning LNK4099: PDB '' was not found with 'libcrypto.lib(ccm128.obj)' or at ''; linking object as if no debug info
libcrypto.lib(ocb128.obj) : warning LNK4099: PDB '' was not found with 'libcrypto.lib(ocb128.obj)' or at ''; linking object as if no debug info
libcrypto.lib(cbc128.obj) : warning LNK4099: PDB '' was not found with 'libcrypto.lib(cbc128.obj)' or at ''; linking object as if no debug info
libcrypto.lib(ofb128.obj) : warning LNK4099: PDB '' was not found with 'libcrypto.lib(ofb128.obj)' or at ''; linking object as if no debug info
libcrypto.lib(cfb128.obj) : warning LNK4099: PDB '' was not found with 'libcrypto.lib(cfb128.obj)' or at ''; linking object as if no debug info
libcrypto.lib(ctr128.obj) : warning LNK4099: PDB '' was not found with 'libcrypto.lib(ctr128.obj)' or at ''; linking object as if no debug info
libcrypto.lib(xts128.obj) : warning LNK4099: PDB '' was not found with 'libcrypto.lib(xts128.obj)' or at ''; linking object as if no debug info
libcrypto.lib(wrap128.obj) : warning LNK4099: PDB '' was not found with 'libcrypto.lib(wrap128.obj)' or at ''; linking object as if no debug info
libcrypto.lib(bio_meth.obj) : warning LNK4099: PDB '' was not found with 'libcrypto.lib(bio_meth.obj)' or at ''; linking object as if no debug info
libcrypto.lib(b_addr.obj) : warning LNK4099: PDB '' was not found with 'libcrypto.lib(b_addr.obj)' or at ''; linking object as if no debug info
libcrypto.lib(b_sock.obj) : warning LNK4099: PDB '' was not found with 'libcrypto.lib(b_sock.obj)' or at ''; linking object as if no debug info
libcrypto.lib(buffer.obj) : warning LNK4099: PDB '' was not found with 'libcrypto.lib(buffer.obj)' or at ''; linking object as if no debug info
libcrypto.lib(o_fopen.obj) : warning LNK4099: PDB '' was not found with 'libcrypto.lib(o_fopen.obj)' or at ''; linking object as if no debug info
libcrypto.lib(o_str.obj) : warning LNK4099: PDB '' was not found with 'libcrypto.lib(o_str.obj)' or at ''; linking object as if no debug info
libcrypto.lib(pem_oth.obj) : warning LNK4099: PDB '' was not found with 'libcrypto.lib(pem_oth.obj)' or at ''; linking object as if no debug info
libcrypto.lib(x_req.obj) : warning LNK4099: PDB '' was not found with 'libcrypto.lib(x_req.obj)' or at ''; linking object as if no debug info
libcrypto.lib(pem_lib.obj) : warning LNK4099: PDB '' was not found with 'libcrypto.lib(pem_lib.obj)' or at ''; linking object as if no debug info
libcrypto.lib(x_crl.obj) : warning LNK4099: PDB '' was not found with 'libcrypto.lib(x_crl.obj)' or at ''; linking object as if no debug info
libcrypto.lib(pk7_asn1.obj) : warning LNK4099: PDB '' was not found with 'libcrypto.lib(pk7_asn1.obj)' or at ''; linking object as if no debug info
libcrypto.lib(nsseq.obj) : warning LNK4099: PDB '' was not found with 'libcrypto.lib(nsseq.obj)' or at ''; linking object as if no debug info
libcrypto.lib(rsa_asn1.obj) : warning LNK4099: PDB '' was not found with 'libcrypto.lib(rsa_asn1.obj)' or at ''; linking object as if no debug info
libcrypto.lib(x_pubkey.obj) : warning LNK4099: PDB '' was not found with 'libcrypto.lib(x_pubkey.obj)' or at ''; linking object as if no debug info
libcrypto.lib(ec_key.obj) : warning LNK4099: PDB '' was not found with 'libcrypto.lib(ec_key.obj)' or at ''; linking object as if no debug info
libcrypto.lib(ec_asn1.obj) : warning LNK4099: PDB '' was not found with 'libcrypto.lib(ec_asn1.obj)' or at ''; linking object as if no debug info
libcrypto.lib(dh_asn1.obj) : warning LNK4099: PDB '' was not found with 'libcrypto.lib(dh_asn1.obj)' or at ''; linking object as if no debug info
libcrypto.lib(x_sig.obj) : warning LNK4099: PDB '' was not found with 'libcrypto.lib(x_sig.obj)' or at ''; linking object as if no debug info
libcrypto.lib(bn_gcd.obj) : warning LNK4099: PDB '' was not found with 'libcrypto.lib(bn_gcd.obj)' or at ''; linking object as if no debug info
libcrypto.lib(bn_mul.obj) : warning LNK4099: PDB '' was not found with 'libcrypto.lib(bn_mul.obj)' or at ''; linking object as if no debug info
libcrypto.lib(bn_add.obj) : warning LNK4099: PDB '' was not found with 'libcrypto.lib(bn_add.obj)' or at ''; linking object as if no debug info
libcrypto.lib(bn_intern.obj) : warning LNK4099: PDB '' was not found with 'libcrypto.lib(bn_intern.obj)' or at ''; linking object as if no debug info
libcrypto.lib(x_bignum.obj) : warning LNK4099: PDB '' was not found with 'libcrypto.lib(x_bignum.obj)' or at ''; linking object as if no debug info
libcrypto.lib(x_long.obj) : warning LNK4099: PDB '' was not found with 'libcrypto.lib(x_long.obj)' or at ''; linking object as if no debug info
libcrypto.lib(tasn_dec.obj) : warning LNK4099: PDB '' was not found with 'libcrypto.lib(tasn_dec.obj)' or at ''; linking object as if no debug info
libcrypto.lib(tasn_enc.obj) : warning LNK4099: PDB '' was not found with 'libcrypto.lib(tasn_enc.obj)' or at ''; linking object as if no debug info
libcrypto.lib(a_dup.obj) : warning LNK4099: PDB '' was not found with 'libcrypto.lib(a_dup.obj)' or at ''; linking object as if no debug info
libcrypto.lib(pmeth_lib.obj) : warning LNK4099: PDB '' was not found with 'libcrypto.lib(pmeth_lib.obj)' or at ''; linking object as if no debug info
libcrypto.lib(o_names.obj) : warning LNK4099: PDB '' was not found with 'libcrypto.lib(o_names.obj)' or at ''; linking object as if no debug info
libcrypto.lib(obj_xref.obj) : warning LNK4099: PDB '' was not found with 'libcrypto.lib(obj_xref.obj)' or at ''; linking object as if no debug info
libcrypto.lib(evp_pbe.obj) : warning LNK4099: PDB '' was not found with 'libcrypto.lib(evp_pbe.obj)' or at ''; linking object as if no debug info
libcrypto.lib(stack.obj) : warning LNK4099: PDB '' was not found with 'libcrypto.lib(stack.obj)' or at ''; linking object as if no debug info
libcrypto.lib(ameth_lib.obj) : warning LNK4099: PDB '' was not found with 'libcrypto.lib(ameth_lib.obj)' or at ''; linking object as if no debug info
libcrypto.lib(b_print.obj) : warning LNK4099: PDB '' was not found with 'libcrypto.lib(b_print.obj)' or at ''; linking object as if no debug info
libcrypto.lib(x_attrib.obj) : warning LNK4099: PDB '' was not found with 'libcrypto.lib(x_attrib.obj)' or at ''; linking object as if no debug info
libcrypto.lib(d2i_pr.obj) : warning LNK4099: PDB '' was not found with 'libcrypto.lib(d2i_pr.obj)' or at ''; linking object as if no debug info
libcrypto.lib(p8_pkey.obj) : warning LNK4099: PDB '' was not found with 'libcrypto.lib(p8_pkey.obj)' or at ''; linking object as if no debug info
libcrypto.lib(evp_pkey.obj) : warning LNK4099: PDB '' was not found with 'libcrypto.lib(evp_pkey.obj)' or at ''; linking object as if no debug info
libcrypto.lib(p12_p8d.obj) : warning LNK4099: PDB '' was not found with 'libcrypto.lib(p12_p8d.obj)' or at ''; linking object as if no debug info
libcrypto.lib(i2d_pr.obj) : warning LNK4099: PDB '' was not found with 'libcrypto.lib(i2d_pr.obj)' or at ''; linking object as if no debug info
libcrypto.lib(pem_pk8.obj) : warning LNK4099: PDB '' was not found with 'libcrypto.lib(pem_pk8.obj)' or at ''; linking object as if no debug info
libcrypto.lib(md_rand.obj) : warning LNK4099: PDB '' was not found with 'libcrypto.lib(md_rand.obj)' or at ''; linking object as if no debug info
libcrypto.lib(bn_sqr.obj) : warning LNK4099: PDB '' was not found with 'libcrypto.lib(bn_sqr.obj)' or at ''; linking object as if no debug info
libcrypto.lib(bn_recp.obj) : warning LNK4099: PDB '' was not found with 'libcrypto.lib(bn_recp.obj)' or at ''; linking object as if no debug info
libcrypto.lib(bn_mod.obj) : warning LNK4099: PDB '' was not found with 'libcrypto.lib(bn_mod.obj)' or at ''; linking object as if no debug info
libcrypto.lib(bn_div.obj) : warning LNK4099: PDB '' was not found with 'libcrypto.lib(bn_div.obj)' or at ''; linking object as if no debug info
libcrypto.lib(rsaz_exp.obj) : warning LNK4099: PDB '' was not found with 'libcrypto.lib(rsaz_exp.obj)' or at ''; linking object as if no debug info
libcrypto.lib(bn_word.obj) : warning LNK4099: PDB '' was not found with 'libcrypto.lib(bn_word.obj)' or at ''; linking object as if no debug info
libcrypto.lib(sha512.obj) : warning LNK4099: PDB '' was not found with 'libcrypto.lib(sha512.obj)' or at ''; linking object as if no debug info
libcrypto.lib(sha1dgst.obj) : warning LNK4099: PDB '' was not found with 'libcrypto.lib(sha1dgst.obj)' or at ''; linking object as if no debug info
libcrypto.lib(sha256.obj) : warning LNK4099: PDB '' was not found with 'libcrypto.lib(sha256.obj)' or at ''; linking object as if no debug info
libcrypto.lib(md5_dgst.obj) : warning LNK4099: PDB '' was not found with 'libcrypto.lib(md5_dgst.obj)' or at ''; linking object as if no debug info
libcrypto.lib(rmd_dgst.obj) : warning LNK4099: PDB '' was not found with 'libcrypto.lib(rmd_dgst.obj)' or at ''; linking object as if no debug info
libcrypto.lib(ecb3_enc.obj) : warning LNK4099: PDB '' was not found with 'libcrypto.lib(ecb3_enc.obj)' or at ''; linking object as if no debug info
libcrypto.lib(ofb64ede.obj) : warning LNK4099: PDB '' was not found with 'libcrypto.lib(ofb64ede.obj)' or at ''; linking object as if no debug info
libcrypto.lib(des_enc.obj) : warning LNK4099: PDB '' was not found with 'libcrypto.lib(des_enc.obj)' or at ''; linking object as if no debug info
libcrypto.lib(cfb64ede.obj) : warning LNK4099: PDB '' was not found with 'libcrypto.lib(cfb64ede.obj)' or at ''; linking object as if no debug info
libcrypto.lib(set_key.obj) : warning LNK4099: PDB '' was not found with 'libcrypto.lib(set_key.obj)' or at ''; linking object as if no debug info
libcrypto.lib(sha1_one.obj) : warning LNK4099: PDB '' was not found with 'libcrypto.lib(sha1_one.obj)' or at ''; linking object as if no debug info
libcrypto.lib(c_enc.obj) : warning LNK4099: PDB '' was not found with 'libcrypto.lib(c_enc.obj)' or at ''; linking object as if no debug info
libcrypto.lib(c_cfb64.obj) : warning LNK4099: PDB '' was not found with 'libcrypto.lib(c_cfb64.obj)' or at ''; linking object as if no debug info
libcrypto.lib(c_ecb.obj) : warning LNK4099: PDB '' was not found with 'libcrypto.lib(c_ecb.obj)' or at ''; linking object as if no debug info
libcrypto.lib(c_ofb64.obj) : warning LNK4099: PDB '' was not found with 'libcrypto.lib(c_ofb64.obj)' or at ''; linking object as if no debug info
libcrypto.lib(c_skey.obj) : warning LNK4099: PDB '' was not found with 'libcrypto.lib(c_skey.obj)' or at ''; linking object as if no debug info
libcrypto.lib(bf_enc.obj) : warning LNK4099: PDB '' was not found with 'libcrypto.lib(bf_enc.obj)' or at ''; linking object as if no debug info
libcrypto.lib(bf_cfb64.obj) : warning LNK4099: PDB '' was not found with 'libcrypto.lib(bf_cfb64.obj)' or at ''; linking object as if no debug info
libcrypto.lib(bf_ecb.obj) : warning LNK4099: PDB '' was not found with 'libcrypto.lib(bf_ecb.obj)' or at ''; linking object as if no debug info
libcrypto.lib(bf_ofb64.obj) : warning LNK4099: PDB '' was not found with 'libcrypto.lib(bf_ofb64.obj)' or at ''; linking object as if no debug info
libcrypto.lib(bf_skey.obj) : warning LNK4099: PDB '' was not found with 'libcrypto.lib(bf_skey.obj)' or at ''; linking object as if no debug info
libcrypto.lib(eng_table.obj) : warning LNK4099: PDB '' was not found with 'libcrypto.lib(eng_table.obj)' or at ''; linking object as if no debug info
libcrypto.lib(lhash.obj) : warning LNK4099: PDB '' was not found with 'libcrypto.lib(lhash.obj)' or at ''; linking object as if no debug info
libcrypto.lib(dso_lib.obj) : warning LNK4099: PDB '' was not found with 'libcrypto.lib(dso_lib.obj)' or at ''; linking object as if no debug info
libcrypto.lib(x509_def.obj) : warning LNK4099: PDB '' was not found with 'libcrypto.lib(x509_def.obj)' or at ''; linking object as if no debug info
libcrypto.lib(conf_lib.obj) : warning LNK4099: PDB '' was not found with 'libcrypto.lib(conf_lib.obj)' or at ''; linking object as if no debug info
libcrypto.lib(eng_ctrl.obj) : warning LNK4099: PDB '' was not found with 'libcrypto.lib(eng_ctrl.obj)' or at ''; linking object as if no debug info
libcrypto.lib(kdf_err.obj) : warning LNK4099: PDB '' was not found with 'libcrypto.lib(kdf_err.obj)' or at ''; linking object as if no debug info
libcrypto.lib(async_err.obj) : warning LNK4099: PDB '' was not found with 'libcrypto.lib(async_err.obj)' or at ''; linking object as if no debug info
libcrypto.lib(ct_err.obj) : warning LNK4099: PDB '' was not found with 'libcrypto.lib(ct_err.obj)' or at ''; linking object as if no debug info
libcrypto.lib(cms_err.obj) : warning LNK4099: PDB '' was not found with 'libcrypto.lib(cms_err.obj)' or at ''; linking object as if no debug info
libcrypto.lib(ui_err.obj) : warning LNK4099: PDB '' was not found with 'libcrypto.lib(ui_err.obj)' or at ''; linking object as if no debug info
libcrypto.lib(ocsp_err.obj) : warning LNK4099: PDB '' was not found with 'libcrypto.lib(ocsp_err.obj)' or at ''; linking object as if no debug info
libcrypto.lib(eng_err.obj) : warning LNK4099: PDB '' was not found with 'libcrypto.lib(eng_err.obj)' or at ''; linking object as if no debug info
libcrypto.lib(ts_err.obj) : warning LNK4099: PDB '' was not found with 'libcrypto.lib(ts_err.obj)' or at ''; linking object as if no debug info
libcrypto.lib(dso_err.obj) : warning LNK4099: PDB '' was not found with 'libcrypto.lib(dso_err.obj)' or at ''; linking object as if no debug info
libcrypto.lib(rand_err.obj) : warning LNK4099: PDB '' was not found with 'libcrypto.lib(rand_err.obj)' or at ''; linking object as if no debug info
libcrypto.lib(pk12err.obj) : warning LNK4099: PDB '' was not found with 'libcrypto.lib(pk12err.obj)' or at ''; linking object as if no debug info
libcrypto.lib(v3err.obj) : warning LNK4099: PDB '' was not found with 'libcrypto.lib(v3err.obj)' or at ''; linking object as if no debug info
libcrypto.lib(pkcs7err.obj) : warning LNK4099: PDB '' was not found with 'libcrypto.lib(pkcs7err.obj)' or at ''; linking object as if no debug info
libcrypto.lib(bio_err.obj) : warning LNK4099: PDB '' was not found with 'libcrypto.lib(bio_err.obj)' or at ''; linking object as if no debug info
libcrypto.lib(ec_err.obj) : warning LNK4099: PDB '' was not found with 'libcrypto.lib(ec_err.obj)' or at ''; linking object as if no debug info
libcrypto.lib(comp_err.obj) : warning LNK4099: PDB '' was not found with 'libcrypto.lib(comp_err.obj)' or at ''; linking object as if no debug info
libcrypto.lib(cpt_err.obj) : warning LNK4099: PDB '' was not found with 'libcrypto.lib(cpt_err.obj)' or at ''; linking object as if no debug info
libcrypto.lib(conf_err.obj) : warning LNK4099: PDB '' was not found with 'libcrypto.lib(conf_err.obj)' or at ''; linking object as if no debug info
libcrypto.lib(asn1_err.obj) : warning LNK4099: PDB '' was not found with 'libcrypto.lib(asn1_err.obj)' or at ''; linking object as if no debug info
libcrypto.lib(x509_err.obj) : warning LNK4099: PDB '' was not found with 'libcrypto.lib(x509_err.obj)' or at ''; linking object as if no debug info
libcrypto.lib(dsa_err.obj) : warning LNK4099: PDB '' was not found with 'libcrypto.lib(dsa_err.obj)' or at ''; linking object as if no debug info
libcrypto.lib(pem_err.obj) : warning LNK4099: PDB '' was not found with 'libcrypto.lib(pem_err.obj)' or at ''; linking object as if no debug info
libcrypto.lib(obj_err.obj) : warning LNK4099: PDB '' was not found with 'libcrypto.lib(obj_err.obj)' or at ''; linking object as if no debug info
libcrypto.lib(buf_err.obj) : warning LNK4099: PDB '' was not found with 'libcrypto.lib(buf_err.obj)' or at ''; linking object as if no debug info
libcrypto.lib(evp_err.obj) : warning LNK4099: PDB '' was not found with 'libcrypto.lib(evp_err.obj)' or at ''; linking object as if no debug info
libcrypto.lib(dh_err.obj) : warning LNK4099: PDB '' was not found with 'libcrypto.lib(dh_err.obj)' or at ''; linking object as if no debug info
libcrypto.lib(rsa_err.obj) : warning LNK4099: PDB '' was not found with 'libcrypto.lib(rsa_err.obj)' or at ''; linking object as if no debug info
libcrypto.lib(bn_err.obj) : warning LNK4099: PDB '' was not found with 'libcrypto.lib(bn_err.obj)' or at ''; linking object as if no debug info
libcrypto.lib(e_chacha20_poly1305.obj) : warning LNK4099: PDB '' was not found with 'libcrypto.lib(e_chacha20_poly1305.obj)' or at ''; linking object as if no debug info
libcrypto.lib(e_camellia.obj) : warning LNK4099: PDB '' was not found with 'libcrypto.lib(e_camellia.obj)' or at ''; linking object as if no debug info
libcrypto.lib(e_aes_cbc_hmac_sha256.obj) : warning LNK4099: PDB '' was not found with 'libcrypto.lib(e_aes_cbc_hmac_sha256.obj)' or at ''; linking object as if no debug info
libcrypto.lib(e_aes_cbc_hmac_sha1.obj) : warning LNK4099: PDB '' was not found with 'libcrypto.lib(e_aes_cbc_hmac_sha1.obj)' or at ''; linking object as if no debug info
libcrypto.lib(e_rc2.obj) : warning LNK4099: PDB '' was not found with 'libcrypto.lib(e_rc2.obj)' or at ''; linking object as if no debug info
libcrypto.lib(e_seed.obj) : warning LNK4099: PDB '' was not found with 'libcrypto.lib(e_seed.obj)' or at ''; linking object as if no debug info
libcrypto.lib(e_idea.obj) : warning LNK4099: PDB '' was not found with 'libcrypto.lib(e_idea.obj)' or at ''; linking object as if no debug info
libcrypto.lib(e_rc4_hmac_md5.obj) : warning LNK4099: PDB '' was not found with 'libcrypto.lib(e_rc4_hmac_md5.obj)' or at ''; linking object as if no debug info
libcrypto.lib(e_des.obj) : warning LNK4099: PDB '' was not found with 'libcrypto.lib(e_des.obj)' or at ''; linking object as if no debug info
libcrypto.lib(e_xcbc_d.obj) : warning LNK4099: PDB '' was not found with 'libcrypto.lib(e_xcbc_d.obj)' or at ''; linking object as if no debug info
libcrypto.lib(m_blake2s.obj) : warning LNK4099: PDB '' was not found with 'libcrypto.lib(m_blake2s.obj)' or at ''; linking object as if no debug info
libcrypto.lib(m_blake2b.obj) : warning LNK4099: PDB '' was not found with 'libcrypto.lib(m_blake2b.obj)' or at ''; linking object as if no debug info
libcrypto.lib(m_wp.obj) : warning LNK4099: PDB '' was not found with 'libcrypto.lib(m_wp.obj)' or at ''; linking object as if no debug info
libcrypto.lib(m_mdc2.obj) : warning LNK4099: PDB '' was not found with 'libcrypto.lib(m_mdc2.obj)' or at ''; linking object as if no debug info
libcrypto.lib(m_md5_sha1.obj) : warning LNK4099: PDB '' was not found with 'libcrypto.lib(m_md5_sha1.obj)' or at ''; linking object as if no debug info
libcrypto.lib(m_md4.obj) : warning LNK4099: PDB '' was not found with 'libcrypto.lib(m_md4.obj)' or at ''; linking object as if no debug info
libcrypto.lib(conf_mall.obj) : warning LNK4099: PDB '' was not found with 'libcrypto.lib(conf_mall.obj)' or at ''; linking object as if no debug info
libcrypto.lib(async_win.obj) : warning LNK4099: PDB '' was not found with 'libcrypto.lib(async_win.obj)' or at ''; linking object as if no debug info
libcrypto.lib(async_wait.obj) : warning LNK4099: PDB '' was not found with 'libcrypto.lib(async_wait.obj)' or at ''; linking object as if no debug info
libcrypto.lib(eng_pkey.obj) : warning LNK4099: PDB '' was not found with 'libcrypto.lib(eng_pkey.obj)' or at ''; linking object as if no debug info
libcrypto.lib(ec_kmeth.obj) : warning LNK4099: PDB '' was not found with 'libcrypto.lib(ec_kmeth.obj)' or at ''; linking object as if no debug info
libcrypto.lib(dsa_meth.obj) : warning LNK4099: PDB '' was not found with 'libcrypto.lib(dsa_meth.obj)' or at ''; linking object as if no debug info
libcrypto.lib(rsa_meth.obj) : warning LNK4099: PDB '' was not found with 'libcrypto.lib(rsa_meth.obj)' or at ''; linking object as if no debug info
libcrypto.lib(x509_cmp.obj) : warning LNK4099: PDB '' was not found with 'libcrypto.lib(x509_cmp.obj)' or at ''; linking object as if no debug info
libcrypto.lib(x_x509.obj) : warning LNK4099: PDB '' was not found with 'libcrypto.lib(x_x509.obj)' or at ''; linking object as if no debug info
libcrypto.lib(pem_x509.obj) : warning LNK4099: PDB '' was not found with 'libcrypto.lib(pem_x509.obj)' or at ''; linking object as if no debug info
libcrypto.lib(t_x509.obj) : warning LNK4099: PDB '' was not found with 'libcrypto.lib(t_x509.obj)' or at ''; linking object as if no debug info
libcrypto.lib(a_strex.obj) : warning LNK4099: PDB '' was not found with 'libcrypto.lib(a_strex.obj)' or at ''; linking object as if no debug info
libcrypto.lib(v3_purp.obj) : warning LNK4099: PDB '' was not found with 'libcrypto.lib(v3_purp.obj)' or at ''; linking object as if no debug info
libcrypto.lib(obj_lib.obj) : warning LNK4099: PDB '' was not found with 'libcrypto.lib(obj_lib.obj)' or at ''; linking object as if no debug info
libcrypto.lib(bn_print.obj) : warning LNK4099: PDB '' was not found with 'libcrypto.lib(bn_print.obj)' or at ''; linking object as if no debug info
libcrypto.lib(bn_shift.obj) : warning LNK4099: PDB '' was not found with 'libcrypto.lib(bn_shift.obj)' or at ''; linking object as if no debug info
libcrypto.lib(rsa_pk1.obj) : warning LNK4099: PDB '' was not found with 'libcrypto.lib(rsa_pk1.obj)' or at ''; linking object as if no debug info
libcrypto.lib(rsa_ssl.obj) : warning LNK4099: PDB '' was not found with 'libcrypto.lib(rsa_ssl.obj)' or at ''; linking object as if no debug info
libcrypto.lib(rsa_none.obj) : warning LNK4099: PDB '' was not found with 'libcrypto.lib(rsa_none.obj)' or at ''; linking object as if no debug info
libcrypto.lib(rsa_oaep.obj) : warning LNK4099: PDB '' was not found with 'libcrypto.lib(rsa_oaep.obj)' or at ''; linking object as if no debug info
libcrypto.lib(rsa_x931.obj) : warning LNK4099: PDB '' was not found with 'libcrypto.lib(rsa_x931.obj)' or at ''; linking object as if no debug info
libcrypto.lib(bn_asm.obj) : warning LNK4099: PDB '' was not found with 'libcrypto.lib(bn_asm.obj)' or at ''; linking object as if no debug info
libcrypto.lib(bn_exp2.obj) : warning LNK4099: PDB '' was not found with 'libcrypto.lib(bn_exp2.obj)' or at ''; linking object as if no debug info
libcrypto.lib(tasn_new.obj) : warning LNK4099: PDB '' was not found with 'libcrypto.lib(tasn_new.obj)' or at ''; linking object as if no debug info
libcrypto.lib(tasn_fre.obj) : warning LNK4099: PDB '' was not found with 'libcrypto.lib(tasn_fre.obj)' or at ''; linking object as if no debug info
libcrypto.lib(dh_key.obj) : warning LNK4099: PDB '' was not found with 'libcrypto.lib(dh_key.obj)' or at ''; linking object as if no debug info
libcrypto.lib(a_octet.obj) : warning LNK4099: PDB '' was not found with 'libcrypto.lib(a_octet.obj)' or at ''; linking object as if no debug info
libcrypto.lib(b_dump.obj) : warning LNK4099: PDB '' was not found with 'libcrypto.lib(b_dump.obj)' or at ''; linking object as if no debug info
libcrypto.lib(asn_pack.obj) : warning LNK4099: PDB '' was not found with 'libcrypto.lib(asn_pack.obj)' or at ''; linking object as if no debug info
libcrypto.lib(b_sock2.obj) : warning LNK4099: PDB '' was not found with 'libcrypto.lib(b_sock2.obj)' or at ''; linking object as if no debug info
libcrypto.lib(bss_sock.obj) : warning LNK4099: PDB '' was not found with 'libcrypto.lib(bss_sock.obj)' or at ''; linking object as if no debug info
libcrypto.lib(x_algor.obj) : warning LNK4099: PDB '' was not found with 'libcrypto.lib(x_algor.obj)' or at ''; linking object as if no debug info
libcrypto.lib(x_name.obj) : warning LNK4099: PDB '' was not found with 'libcrypto.lib(x_name.obj)' or at ''; linking object as if no debug info
libcrypto.lib(evp_key.obj) : warning LNK4099: PDB '' was not found with 'libcrypto.lib(evp_key.obj)' or at ''; linking object as if no debug info
libcrypto.lib(encode.obj) : warning LNK4099: PDB '' was not found with 'libcrypto.lib(encode.obj)' or at ''; linking object as if no debug info
libcrypto.lib(x_exten.obj) : warning LNK4099: PDB '' was not found with 'libcrypto.lib(x_exten.obj)' or at ''; linking object as if no debug info
libcrypto.lib(a_time.obj) : warning LNK4099: PDB '' was not found with 'libcrypto.lib(a_time.obj)' or at ''; linking object as if no debug info
libcrypto.lib(x509_v3.obj) : warning LNK4099: PDB '' was not found with 'libcrypto.lib(x509_v3.obj)' or at ''; linking object as if no debug info
libcrypto.lib(a_int.obj) : warning LNK4099: PDB '' was not found with 'libcrypto.lib(a_int.obj)' or at ''; linking object as if no debug info
libcrypto.lib(x509_ext.obj) : warning LNK4099: PDB '' was not found with 'libcrypto.lib(x509_ext.obj)' or at ''; linking object as if no debug info
libcrypto.lib(x509cset.obj) : warning LNK4099: PDB '' was not found with 'libcrypto.lib(x509cset.obj)' or at ''; linking object as if no debug info
libcrypto.lib(v3_crld.obj) : warning LNK4099: PDB '' was not found with 'libcrypto.lib(v3_crld.obj)' or at ''; linking object as if no debug info
libcrypto.lib(a_verify.obj) : warning LNK4099: PDB '' was not found with 'libcrypto.lib(a_verify.obj)' or at ''; linking object as if no debug info
libcrypto.lib(v3_genn.obj) : warning LNK4099: PDB '' was not found with 'libcrypto.lib(v3_genn.obj)' or at ''; linking object as if no debug info
libcrypto.lib(v3_akeya.obj) : warning LNK4099: PDB '' was not found with 'libcrypto.lib(v3_akeya.obj)' or at ''; linking object as if no debug info
libcrypto.lib(x_all.obj) : warning LNK4099: PDB '' was not found with 'libcrypto.lib(x_all.obj)' or at ''; linking object as if no debug info
libcrypto.lib(pk7_doit.obj) : warning LNK4099: PDB '' was not found with 'libcrypto.lib(pk7_doit.obj)' or at ''; linking object as if no debug info
libcrypto.lib(pk7_lib.obj) : warning LNK4099: PDB '' was not found with 'libcrypto.lib(pk7_lib.obj)' or at ''; linking object as if no debug info
libcrypto.lib(tasn_prn.obj) : warning LNK4099: PDB '' was not found with 'libcrypto.lib(tasn_prn.obj)' or at ''; linking object as if no debug info
libcrypto.lib(ec_lib.obj) : warning LNK4099: PDB '' was not found with 'libcrypto.lib(ec_lib.obj)' or at ''; linking object as if no debug info
libcrypto.lib(ec_oct.obj) : warning LNK4099: PDB '' was not found with 'libcrypto.lib(ec_oct.obj)' or at ''; linking object as if no debug info
libcrypto.lib(ec_curve.obj) : warning LNK4099: PDB '' was not found with 'libcrypto.lib(ec_curve.obj)' or at ''; linking object as if no debug info
libcrypto.lib(a_bitstr.obj) : warning LNK4099: PDB '' was not found with 'libcrypto.lib(a_bitstr.obj)' or at ''; linking object as if no debug info
libcrypto.lib(ec_cvt.obj) : warning LNK4099: PDB '' was not found with 'libcrypto.lib(ec_cvt.obj)' or at ''; linking object as if no debug info
libcrypto.lib(tasn_utl.obj) : warning LNK4099: PDB '' was not found with 'libcrypto.lib(tasn_utl.obj)' or at ''; linking object as if no debug info
libcrypto.lib(hkdf.obj) : warning LNK4099: PDB '' was not found with 'libcrypto.lib(hkdf.obj)' or at ''; linking object as if no debug info
libcrypto.lib(ecx_meth.obj) : warning LNK4099: PDB '' was not found with 'libcrypto.lib(ecx_meth.obj)' or at ''; linking object as if no debug info
libcrypto.lib(tls1_prf.obj) : warning LNK4099: PDB '' was not found with 'libcrypto.lib(tls1_prf.obj)' or at ''; linking object as if no debug info
libcrypto.lib(dh_pmeth.obj) : warning LNK4099: PDB '' was not found with 'libcrypto.lib(dh_pmeth.obj)' or at ''; linking object as if no debug info
libcrypto.lib(cm_pmeth.obj) : warning LNK4099: PDB '' was not found with 'libcrypto.lib(cm_pmeth.obj)' or at ''; linking object as if no debug info
libcrypto.lib(hm_pmeth.obj) : warning LNK4099: PDB '' was not found with 'libcrypto.lib(hm_pmeth.obj)' or at ''; linking object as if no debug info
libcrypto.lib(ec_pmeth.obj) : warning LNK4099: PDB '' was not found with 'libcrypto.lib(ec_pmeth.obj)' or at ''; linking object as if no debug info
libcrypto.lib(dsa_pmeth.obj) : warning LNK4099: PDB '' was not found with 'libcrypto.lib(dsa_pmeth.obj)' or at ''; linking object as if no debug info
libcrypto.lib(rsa_pmeth.obj) : warning LNK4099: PDB '' was not found with 'libcrypto.lib(rsa_pmeth.obj)' or at ''; linking object as if no debug info
libcrypto.lib(mem_dbg.obj) : warning LNK4099: PDB '' was not found with 'libcrypto.lib(mem_dbg.obj)' or at ''; linking object as if no debug info
libcrypto.lib(p5_scrypt.obj) : warning LNK4099: PDB '' was not found with 'libcrypto.lib(p5_scrypt.obj)' or at ''; linking object as if no debug info
libcrypto.lib(p5_crpt2.obj) : warning LNK4099: PDB '' was not found with 'libcrypto.lib(p5_crpt2.obj)' or at ''; linking object as if no debug info
libcrypto.lib(p12_crpt.obj) : warning LNK4099: PDB '' was not found with 'libcrypto.lib(p12_crpt.obj)' or at ''; linking object as if no debug info
libcrypto.lib(p5_crpt.obj) : warning LNK4099: PDB '' was not found with 'libcrypto.lib(p5_crpt.obj)' or at ''; linking object as if no debug info
libcrypto.lib(dh_ameth.obj) : warning LNK4099: PDB '' was not found with 'libcrypto.lib(dh_ameth.obj)' or at ''; linking object as if no debug info
libcrypto.lib(cm_ameth.obj) : warning LNK4099: PDB '' was not found with 'libcrypto.lib(cm_ameth.obj)' or at ''; linking object as if no debug info
libcrypto.lib(hm_ameth.obj) : warning LNK4099: PDB '' was not found with 'libcrypto.lib(hm_ameth.obj)' or at ''; linking object as if no debug info
libcrypto.lib(ec_ameth.obj) : warning LNK4099: PDB '' was not found with 'libcrypto.lib(ec_ameth.obj)' or at ''; linking object as if no debug info
libcrypto.lib(dsa_ameth.obj) : warning LNK4099: PDB '' was not found with 'libcrypto.lib(dsa_ameth.obj)' or at ''; linking object as if no debug info
libcrypto.lib(rsa_ameth.obj) : warning LNK4099: PDB '' was not found with 'libcrypto.lib(rsa_ameth.obj)' or at ''; linking object as if no debug info
libcrypto.lib(x509_att.obj) : warning LNK4099: PDB '' was not found with 'libcrypto.lib(x509_att.obj)' or at ''; linking object as if no debug info
libcrypto.lib(p12_decr.obj) : warning LNK4099: PDB '' was not found with 'libcrypto.lib(p12_decr.obj)' or at ''; linking object as if no debug info
libcrypto.lib(p12_p8e.obj) : warning LNK4099: PDB '' was not found with 'libcrypto.lib(p12_p8e.obj)' or at ''; linking object as if no debug info
libcrypto.lib(rand_win.obj) : warning LNK4099: PDB '' was not found with 'libcrypto.lib(rand_win.obj)' or at ''; linking object as if no debug info
libcrypto.lib(dso_win32.obj) : warning LNK4099: PDB '' was not found with 'libcrypto.lib(dso_win32.obj)' or at ''; linking object as if no debug info
libcrypto.lib(conf_def.obj) : warning LNK4099: PDB '' was not found with 'libcrypto.lib(conf_def.obj)' or at ''; linking object as if no debug info
libcrypto.lib(conf_api.obj) : warning LNK4099: PDB '' was not found with 'libcrypto.lib(conf_api.obj)' or at ''; linking object as if no debug info
libcrypto.lib(poly1305.obj) : warning LNK4099: PDB '' was not found with 'libcrypto.lib(poly1305.obj)' or at ''; linking object as if no debug info
libcrypto.lib(cmll_misc.obj) : warning LNK4099: PDB '' was not found with 'libcrypto.lib(cmll_misc.obj)' or at ''; linking object as if no debug info
libcrypto.lib(rc2_cbc.obj) : warning LNK4099: PDB '' was not found with 'libcrypto.lib(rc2_cbc.obj)' or at ''; linking object as if no debug info
libcrypto.lib(rc2cfb64.obj) : warning LNK4099: PDB '' was not found with 'libcrypto.lib(rc2cfb64.obj)' or at ''; linking object as if no debug info
libcrypto.lib(rc2_ecb.obj) : warning LNK4099: PDB '' was not found with 'libcrypto.lib(rc2_ecb.obj)' or at ''; linking object as if no debug info
libcrypto.lib(rc2ofb64.obj) : warning LNK4099: PDB '' was not found with 'libcrypto.lib(rc2ofb64.obj)' or at ''; linking object as if no debug info
libcrypto.lib(rc2_skey.obj) : warning LNK4099: PDB '' was not found with 'libcrypto.lib(rc2_skey.obj)' or at ''; linking object as if no debug info
libcrypto.lib(seed_cbc.obj) : warning LNK4099: PDB '' was not found with 'libcrypto.lib(seed_cbc.obj)' or at ''; linking object as if no debug info
libcrypto.lib(seed_cfb.obj) : warning LNK4099: PDB '' was not found with 'libcrypto.lib(seed_cfb.obj)' or at ''; linking object as if no debug info
libcrypto.lib(seed_ecb.obj) : warning LNK4099: PDB '' was not found with 'libcrypto.lib(seed_ecb.obj)' or at ''; linking object as if no debug info
libcrypto.lib(seed_ofb.obj) : warning LNK4099: PDB '' was not found with 'libcrypto.lib(seed_ofb.obj)' or at ''; linking object as if no debug info
libcrypto.lib(seed.obj) : warning LNK4099: PDB '' was not found with 'libcrypto.lib(seed.obj)' or at ''; linking object as if no debug info
libcrypto.lib(i_ecb.obj) : warning LNK4099: PDB '' was not found with 'libcrypto.lib(i_ecb.obj)' or at ''; linking object as if no debug info
libcrypto.lib(i_cbc.obj) : warning LNK4099: PDB '' was not found with 'libcrypto.lib(i_cbc.obj)' or at ''; linking object as if no debug info
libcrypto.lib(i_ofb64.obj) : warning LNK4099: PDB '' was not found with 'libcrypto.lib(i_ofb64.obj)' or at ''; linking object as if no debug info
libcrypto.lib(i_cfb64.obj) : warning LNK4099: PDB '' was not found with 'libcrypto.lib(i_cfb64.obj)' or at ''; linking object as if no debug info
libcrypto.lib(i_skey.obj) : warning LNK4099: PDB '' was not found with 'libcrypto.lib(i_skey.obj)' or at ''; linking object as if no debug info
libcrypto.lib(ecb_enc.obj) : warning LNK4099: PDB '' was not found with 'libcrypto.lib(ecb_enc.obj)' or at ''; linking object as if no debug info
libcrypto.lib(ofb64enc.obj) : warning LNK4099: PDB '' was not found with 'libcrypto.lib(ofb64enc.obj)' or at ''; linking object as if no debug info
libcrypto.lib(cfb64enc.obj) : warning LNK4099: PDB '' was not found with 'libcrypto.lib(cfb64enc.obj)' or at ''; linking object as if no debug info
libcrypto.lib(cfb_enc.obj) : warning LNK4099: PDB '' was not found with 'libcrypto.lib(cfb_enc.obj)' or at ''; linking object as if no debug info
libcrypto.lib(xcbc_enc.obj) : warning LNK4099: PDB '' was not found with 'libcrypto.lib(xcbc_enc.obj)' or at ''; linking object as if no debug info
libcrypto.lib(blake2s.obj) : warning LNK4099: PDB '' was not found with 'libcrypto.lib(blake2s.obj)' or at ''; linking object as if no debug info
libcrypto.lib(blake2b.obj) : warning LNK4099: PDB '' was not found with 'libcrypto.lib(blake2b.obj)' or at ''; linking object as if no debug info
libcrypto.lib(wp_dgst.obj) : warning LNK4099: PDB '' was not found with 'libcrypto.lib(wp_dgst.obj)' or at ''; linking object as if no debug info
libcrypto.lib(mdc2dgst.obj) : warning LNK4099: PDB '' was not found with 'libcrypto.lib(mdc2dgst.obj)' or at ''; linking object as if no debug info
libcrypto.lib(md4_dgst.obj) : warning LNK4099: PDB '' was not found with 'libcrypto.lib(md4_dgst.obj)' or at ''; linking object as if no debug info
libcrypto.lib(evp_cnf.obj) : warning LNK4099: PDB '' was not found with 'libcrypto.lib(evp_cnf.obj)' or at ''; linking object as if no debug info
libcrypto.lib(eng_cnf.obj) : warning LNK4099: PDB '' was not found with 'libcrypto.lib(eng_cnf.obj)' or at ''; linking object as if no debug info
libcrypto.lib(asn_mstbl.obj) : warning LNK4099: PDB '' was not found with 'libcrypto.lib(asn_mstbl.obj)' or at ''; linking object as if no debug info
libcrypto.lib(asn_moid.obj) : warning LNK4099: PDB '' was not found with 'libcrypto.lib(asn_moid.obj)' or at ''; linking object as if no debug info
libcrypto.lib(ecdsa_ossl.obj) : warning LNK4099: PDB '' was not found with 'libcrypto.lib(ecdsa_ossl.obj)' or at ''; linking object as if no debug info
libcrypto.lib(ecdh_ossl.obj) : warning LNK4099: PDB '' was not found with 'libcrypto.lib(ecdh_ossl.obj)' or at ''; linking object as if no debug info
libcrypto.lib(x509_obj.obj) : warning LNK4099: PDB '' was not found with 'libcrypto.lib(x509_obj.obj)' or at ''; linking object as if no debug info
libcrypto.lib(x509_set.obj) : warning LNK4099: PDB '' was not found with 'libcrypto.lib(x509_set.obj)' or at ''; linking object as if no debug info
libcrypto.lib(x_val.obj) : warning LNK4099: PDB '' was not found with 'libcrypto.lib(x_val.obj)' or at ''; linking object as if no debug info
libcrypto.lib(v3_asid.obj) : warning LNK4099: PDB '' was not found with 'libcrypto.lib(v3_asid.obj)' or at ''; linking object as if no debug info
libcrypto.lib(v3_addr.obj) : warning LNK4099: PDB '' was not found with 'libcrypto.lib(v3_addr.obj)' or at ''; linking object as if no debug info
libcrypto.lib(v3_ncons.obj) : warning LNK4099: PDB '' was not found with 'libcrypto.lib(v3_ncons.obj)' or at ''; linking object as if no debug info
libcrypto.lib(pcy_cache.obj) : warning LNK4099: PDB '' was not found with 'libcrypto.lib(pcy_cache.obj)' or at ''; linking object as if no debug info
libcrypto.lib(x_x509a.obj) : warning LNK4099: PDB '' was not found with 'libcrypto.lib(x_x509a.obj)' or at ''; linking object as if no debug info
libcrypto.lib(v3_prn.obj) : warning LNK4099: PDB '' was not found with 'libcrypto.lib(v3_prn.obj)' or at ''; linking object as if no debug info
libcrypto.lib(err_prn.obj) : warning LNK4099: PDB '' was not found with 'libcrypto.lib(err_prn.obj)' or at ''; linking object as if no debug info
libcrypto.lib(a_utf8.obj) : warning LNK4099: PDB '' was not found with 'libcrypto.lib(a_utf8.obj)' or at ''; linking object as if no debug info
libcrypto.lib(asn1_par.obj) : warning LNK4099: PDB '' was not found with 'libcrypto.lib(asn1_par.obj)' or at ''; linking object as if no debug info
libcrypto.lib(x509name.obj) : warning LNK4099: PDB '' was not found with 'libcrypto.lib(x509name.obj)' or at ''; linking object as if no debug info
libcrypto.lib(a_mbstr.obj) : warning LNK4099: PDB '' was not found with 'libcrypto.lib(a_mbstr.obj)' or at ''; linking object as if no debug info
libcrypto.lib(v3_pcia.obj) : warning LNK4099: PDB '' was not found with 'libcrypto.lib(v3_pcia.obj)' or at ''; linking object as if no debug info
libcrypto.lib(v3_bcons.obj) : warning LNK4099: PDB '' was not found with 'libcrypto.lib(v3_bcons.obj)' or at ''; linking object as if no debug info
libcrypto.lib(dh_check.obj) : warning LNK4099: PDB '' was not found with 'libcrypto.lib(dh_check.obj)' or at ''; linking object as if no debug info
libcrypto.lib(ui_lib.obj) : warning LNK4099: PDB '' was not found with 'libcrypto.lib(ui_lib.obj)' or at ''; linking object as if no debug info
libcrypto.lib(a_gentm.obj) : warning LNK4099: PDB '' was not found with 'libcrypto.lib(a_gentm.obj)' or at ''; linking object as if no debug info
libcrypto.lib(a_utctm.obj) : warning LNK4099: PDB '' was not found with 'libcrypto.lib(a_utctm.obj)' or at ''; linking object as if no debug info
libcrypto.lib(o_time.obj) : warning LNK4099: PDB '' was not found with 'libcrypto.lib(o_time.obj)' or at ''; linking object as if no debug info
libcrypto.lib(v3_lib.obj) : warning LNK4099: PDB '' was not found with 'libcrypto.lib(v3_lib.obj)' or at ''; linking object as if no debug info
libcrypto.lib(v3_utl.obj) : warning LNK4099: PDB '' was not found with 'libcrypto.lib(v3_utl.obj)' or at ''; linking object as if no debug info
libcrypto.lib(v3_conf.obj) : warning LNK4099: PDB '' was not found with 'libcrypto.lib(v3_conf.obj)' or at ''; linking object as if no debug info
libcrypto.lib(v3_alt.obj) : warning LNK4099: PDB '' was not found with 'libcrypto.lib(v3_alt.obj)' or at ''; linking object as if no debug info
libcrypto.lib(p_verify.obj) : warning LNK4099: PDB '' was not found with 'libcrypto.lib(p_verify.obj)' or at ''; linking object as if no debug info
libcrypto.lib(m_sigver.obj) : warning LNK4099: PDB '' was not found with 'libcrypto.lib(m_sigver.obj)' or at ''; linking object as if no debug info
libcrypto.lib(x_spki.obj) : warning LNK4099: PDB '' was not found with 'libcrypto.lib(x_spki.obj)' or at ''; linking object as if no debug info
libcrypto.lib(a_sign.obj) : warning LNK4099: PDB '' was not found with 'libcrypto.lib(a_sign.obj)' or at ''; linking object as if no debug info
libcrypto.lib(ocsp_ht.obj) : warning LNK4099: PDB '' was not found with 'libcrypto.lib(ocsp_ht.obj)' or at ''; linking object as if no debug info
libcrypto.lib(a_d2i_fp.obj) : warning LNK4099: PDB '' was not found with 'libcrypto.lib(a_d2i_fp.obj)' or at ''; linking object as if no debug info
libcrypto.lib(a_i2d_fp.obj) : warning LNK4099: PDB '' was not found with 'libcrypto.lib(a_i2d_fp.obj)' or at ''; linking object as if no debug info
libcrypto.lib(a_digest.obj) : warning LNK4099: PDB '' was not found with 'libcrypto.lib(a_digest.obj)' or at ''; linking object as if no debug info
libcrypto.lib(bio_md.obj) : warning LNK4099: PDB '' was not found with 'libcrypto.lib(bio_md.obj)' or at ''; linking object as if no debug info
libcrypto.lib(pmeth_fn.obj) : warning LNK4099: PDB '' was not found with 'libcrypto.lib(pmeth_fn.obj)' or at ''; linking object as if no debug info
libcrypto.lib(bss_null.obj) : warning LNK4099: PDB '' was not found with 'libcrypto.lib(bss_null.obj)' or at ''; linking object as if no debug info
libcrypto.lib(bio_enc.obj) : warning LNK4099: PDB '' was not found with 'libcrypto.lib(bio_enc.obj)' or at ''; linking object as if no debug info
libcrypto.lib(pk7_attr.obj) : warning LNK4099: PDB '' was not found with 'libcrypto.lib(pk7_attr.obj)' or at ''; linking object as if no debug info
libcrypto.lib(p_sign.obj) : warning LNK4099: PDB '' was not found with 'libcrypto.lib(p_sign.obj)' or at ''; linking object as if no debug info
     Creating library C:\Users\trungvl\Projects\pgina\Plugins\SSHAuth\SSHAuthNative\Debug\x64\SSHAuthNative.lib and object C:\Users\trungvl\Projects\pgina\Plugins\SSHAuth\SSHAuthNative\Debug\x64\SSHAuthNative.exp
libcrypto.lib(x509_vfy.obj) : warning LNK4099: PDB '' was not found with 'libcrypto.lib(x509_vfy.obj)' or at ''; linking object as if no debug info
libcrypto.lib(ec_mult.obj) : warning LNK4099: PDB '' was not found with 'libcrypto.lib(ec_mult.obj)' or at ''; linking object as if no debug info
libcrypto.lib(ec2_oct.obj) : warning LNK4099: PDB '' was not found with 'libcrypto.lib(ec2_oct.obj)' or at ''; linking object as if no debug info
libcrypto.lib(ecp_oct.obj) : warning LNK4099: PDB '' was not found with 'libcrypto.lib(ecp_oct.obj)' or at ''; linking object as if no debug info
libcrypto.lib(ecp_nistz256.obj) : warning LNK4099: PDB '' was not found with 'libcrypto.lib(ecp_nistz256.obj)' or at ''; linking object as if no debug info
libcrypto.lib(ecp_mont.obj) : warning LNK4099: PDB '' was not found with 'libcrypto.lib(ecp_mont.obj)' or at ''; linking object as if no debug info
libcrypto.lib(ec2_smpl.obj) : warning LNK4099: PDB '' was not found with 'libcrypto.lib(ec2_smpl.obj)' or at ''; linking object as if no debug info
libcrypto.lib(curve25519.obj) : warning LNK4099: PDB '' was not found with 'libcrypto.lib(curve25519.obj)' or at ''; linking object as if no debug info
libcrypto.lib(t_pkey.obj) : warning LNK4099: PDB '' was not found with 'libcrypto.lib(t_pkey.obj)' or at ''; linking object as if no debug info
libcrypto.lib(pmeth_gn.obj) : warning LNK4099: PDB '' was not found with 'libcrypto.lib(pmeth_gn.obj)' or at ''; linking object as if no debug info
libcrypto.lib(dsa_gen.obj) : warning LNK4099: PDB '' was not found with 'libcrypto.lib(dsa_gen.obj)' or at ''; linking object as if no debug info
libcrypto.lib(dh_gen.obj) : warning LNK4099: PDB '' was not found with 'libcrypto.lib(dh_gen.obj)' or at ''; linking object as if no debug info
libcrypto.lib(dh_rfc5114.obj) : warning LNK4099: PDB '' was not found with 'libcrypto.lib(dh_rfc5114.obj)' or at ''; linking object as if no debug info
libcrypto.lib(dh_kdf.obj) : warning LNK4099: PDB '' was not found with 'libcrypto.lib(dh_kdf.obj)' or at ''; linking object as if no debug info
libcrypto.lib(cmac.obj) : warning LNK4099: PDB '' was not found with 'libcrypto.lib(cmac.obj)' or at ''; linking object as if no debug info
libcrypto.lib(ecdsa_sign.obj) : warning LNK4099: PDB '' was not found with 'libcrypto.lib(ecdsa_sign.obj)' or at ''; linking object as if no debug info
libcrypto.lib(ecdsa_vrf.obj) : warning LNK4099: PDB '' was not found with 'libcrypto.lib(ecdsa_vrf.obj)' or at ''; linking object as if no debug info
libcrypto.lib(ecdh_kdf.obj) : warning LNK4099: PDB '' was not found with 'libcrypto.lib(ecdh_kdf.obj)' or at ''; linking object as if no debug info
libcrypto.lib(dsa_key.obj) : warning LNK4099: PDB '' was not found with 'libcrypto.lib(dsa_key.obj)' or at ''; linking object as if no debug info
libcrypto.lib(rsa_pss.obj) : warning LNK4099: PDB '' was not found with 'libcrypto.lib(rsa_pss.obj)' or at ''; linking object as if no debug info
LINK : warning LNK4098: defaultlib 'MSVCRT' conflicts with use of other libs; use /NODEFAULTLIB:library
libcrypto.lib(rsa_saos.obj) : warning LNK4099: PDB '' was not found with 'libcrypto.lib(rsa_saos.obj)' or at ''; linking object as if no debug info
libcrypto.lib(rsa_gen.obj) : warning LNK4099: PDB '' was not found with 'libcrypto.lib(rsa_gen.obj)' or at ''; linking object as if no debug info
libcrypto.lib(scrypt.obj) : warning LNK4099: PDB '' was not found with 'libcrypto.lib(scrypt.obj)' or at ''; linking object as if no debug info
libcrypto.lib(p5_pbev2.obj) : warning LNK4099: PDB '' was not found with 'libcrypto.lib(p5_pbev2.obj)' or at ''; linking object as if no debug info
libcrypto.lib(p5_pbe.obj) : warning LNK4099: PDB '' was not found with 'libcrypto.lib(p5_pbe.obj)' or at ''; linking object as if no debug info
libcrypto.lib(p12_key.obj) : warning LNK4099: PDB '' was not found with 'libcrypto.lib(p12_key.obj)' or at ''; linking object as if no debug info
libcrypto.lib(cms_kari.obj) : warning LNK4099: PDB '' was not found with 'libcrypto.lib(cms_kari.obj)' or at ''; linking object as if no debug info
libcrypto.lib(cms_env.obj) : warning LNK4099: PDB '' was not found with 'libcrypto.lib(cms_env.obj)' or at ''; linking object as if no debug info
libcrypto.lib(eck_prn.obj) : warning LNK4099: PDB '' was not found with 'libcrypto.lib(eck_prn.obj)' or at ''; linking object as if no debug info
libcrypto.lib(cms_asn1.obj) : warning LNK4099: PDB '' was not found with 'libcrypto.lib(cms_asn1.obj)' or at ''; linking object as if no debug info
libcrypto.lib(cms_sd.obj) : warning LNK4099: PDB '' was not found with 'libcrypto.lib(cms_sd.obj)' or at ''; linking object as if no debug info
libcrypto.lib(f_int.obj) : warning LNK4099: PDB '' was not found with 'libcrypto.lib(f_int.obj)' or at ''; linking object as if no debug info
libcrypto.lib(a_strnid.obj) : warning LNK4099: PDB '' was not found with 'libcrypto.lib(a_strnid.obj)' or at ''; linking object as if no debug info
libcrypto.lib(asn1_gen.obj) : warning LNK4099: PDB '' was not found with 'libcrypto.lib(asn1_gen.obj)' or at ''; linking object as if no debug info
libcrypto.lib(pcy_data.obj) : warning LNK4099: PDB '' was not found with 'libcrypto.lib(pcy_data.obj)' or at ''; linking object as if no debug info
libcrypto.lib(v3_cpols.obj) : warning LNK4099: PDB '' was not found with 'libcrypto.lib(v3_cpols.obj)' or at ''; linking object as if no debug info
libcrypto.lib(v3_pcons.obj) : warning LNK4099: PDB '' was not found with 'libcrypto.lib(v3_pcons.obj)' or at ''; linking object as if no debug info
libcrypto.lib(pcy_map.obj) : warning LNK4099: PDB '' was not found with 'libcrypto.lib(pcy_map.obj)' or at ''; linking object as if no debug info
libcrypto.lib(a_print.obj) : warning LNK4099: PDB '' was not found with 'libcrypto.lib(a_print.obj)' or at ''; linking object as if no debug info
libcrypto.lib(bn_prime.obj) : warning LNK4099: PDB '' was not found with 'libcrypto.lib(bn_prime.obj)' or at ''; linking object as if no debug info
libcrypto.lib(ui_openssl.obj) : warning LNK4099: PDB '' was not found with 'libcrypto.lib(ui_openssl.obj)' or at ''; linking object as if no debug info
libcrypto.lib(v3_tlsf.obj) : warning LNK4099: PDB '' was not found with 'libcrypto.lib(v3_tlsf.obj)' or at ''; linking object as if no debug info
libcrypto.lib(ct_x509v3.obj) : warning LNK4099: PDB '' was not found with 'libcrypto.lib(ct_x509v3.obj)' or at ''; linking object as if no debug info
libcrypto.lib(v3_int.obj) : warning LNK4099: PDB '' was not found with 'libcrypto.lib(v3_int.obj)' or at ''; linking object as if no debug info
libcrypto.lib(v3_pmaps.obj) : warning LNK4099: PDB '' was not found with 'libcrypto.lib(v3_pmaps.obj)' or at ''; linking object as if no debug info
libcrypto.lib(v3_pci.obj) : warning LNK4099: PDB '' was not found with 'libcrypto.lib(v3_pci.obj)' or at ''; linking object as if no debug info
libcrypto.lib(v3_ocsp.obj) : warning LNK4099: PDB '' was not found with 'libcrypto.lib(v3_ocsp.obj)' or at ''; linking object as if no debug info
libcrypto.lib(v3_info.obj) : warning LNK4099: PDB '' was not found with 'libcrypto.lib(v3_info.obj)' or at ''; linking object as if no debug info
libcrypto.lib(v3_extku.obj) : warning LNK4099: PDB '' was not found with 'libcrypto.lib(v3_extku.obj)' or at ''; linking object as if no debug info
libcrypto.lib(v3_sxnet.obj) : warning LNK4099: PDB '' was not found with 'libcrypto.lib(v3_sxnet.obj)' or at ''; linking object as if no debug info
libcrypto.lib(v3_enum.obj) : warning LNK4099: PDB '' was not found with 'libcrypto.lib(v3_enum.obj)' or at ''; linking object as if no debug info
libcrypto.lib(v3_akey.obj) : warning LNK4099: PDB '' was not found with 'libcrypto.lib(v3_akey.obj)' or at ''; linking object as if no debug info
libcrypto.lib(v3_pku.obj) : warning LNK4099: PDB '' was not found with 'libcrypto.lib(v3_pku.obj)' or at ''; linking object as if no debug info
libcrypto.lib(v3_bitst.obj) : warning LNK4099: PDB '' was not found with 'libcrypto.lib(v3_bitst.obj)' or at ''; linking object as if no debug info
libcrypto.lib(v3_skey.obj) : warning LNK4099: PDB '' was not found with 'libcrypto.lib(v3_skey.obj)' or at ''; linking object as if no debug info
libcrypto.lib(v3_ia5.obj) : warning LNK4099: PDB '' was not found with 'libcrypto.lib(v3_ia5.obj)' or at ''; linking object as if no debug info
libcrypto.lib(x509_req.obj) : warning LNK4099: PDB '' was not found with 'libcrypto.lib(x509_req.obj)' or at ''; linking object as if no debug info
libcrypto.lib(ocsp_asn.obj) : warning LNK4099: PDB '' was not found with 'libcrypto.lib(ocsp_asn.obj)' or at ''; linking object as if no debug info
libcrypto.lib(x509_trs.obj) : warning LNK4099: PDB '' was not found with 'libcrypto.lib(x509_trs.obj)' or at ''; linking object as if no debug info
libcrypto.lib(pcy_tree.obj) : warning LNK4099: PDB '' was not found with 'libcrypto.lib(pcy_tree.obj)' or at ''; linking object as if no debug info
libcrypto.lib(x509_vpm.obj) : warning LNK4099: PDB '' was not found with 'libcrypto.lib(x509_vpm.obj)' or at ''; linking object as if no debug info
libcrypto.lib(x509_lu.obj) : warning LNK4099: PDB '' was not found with 'libcrypto.lib(x509_lu.obj)' or at ''; linking object as if no debug info
libcrypto.lib(bn_gf2m.obj) : warning LNK4099: PDB '' was not found with 'libcrypto.lib(bn_gf2m.obj)' or at ''; linking object as if no debug info
libcrypto.lib(bn_kron.obj) : warning LNK4099: PDB '' was not found with 'libcrypto.lib(bn_kron.obj)' or at ''; linking object as if no debug info
libcrypto.lib(bn_sqrt.obj) : warning LNK4099: PDB '' was not found with 'libcrypto.lib(bn_sqrt.obj)' or at ''; linking object as if no debug info
libcrypto.lib(ecp_smpl.obj) : warning LNK4099: PDB '' was not found with 'libcrypto.lib(ecp_smpl.obj)' or at ''; linking object as if no debug info
libcrypto.lib(ec2_mult.obj) : warning LNK4099: PDB '' was not found with 'libcrypto.lib(ec2_mult.obj)' or at ''; linking object as if no debug info
libcrypto.lib(bn_dh.obj) : warning LNK4099: PDB '' was not found with 'libcrypto.lib(bn_dh.obj)' or at ''; linking object as if no debug info
libcrypto.lib(p12_utl.obj) : warning LNK4099: PDB '' was not found with 'libcrypto.lib(p12_utl.obj)' or at ''; linking object as if no debug info
libcrypto.lib(cms_lib.obj) : warning LNK4099: PDB '' was not found with 'libcrypto.lib(cms_lib.obj)' or at ''; linking object as if no debug info
libcrypto.lib(cms_enc.obj) : warning LNK4099: PDB '' was not found with 'libcrypto.lib(cms_enc.obj)' or at ''; linking object as if no debug info
libcrypto.lib(aes_wrap.obj) : warning LNK4099: PDB '' was not found with 'libcrypto.lib(aes_wrap.obj)' or at ''; linking object as if no debug info
libcrypto.lib(cms_pwri.obj) : warning LNK4099: PDB '' was not found with 'libcrypto.lib(cms_pwri.obj)' or at ''; linking object as if no debug info
libcrypto.lib(ec_print.obj) : warning LNK4099: PDB '' was not found with 'libcrypto.lib(ec_print.obj)' or at ''; linking object as if no debug info
libcrypto.lib(cms_io.obj) : warning LNK4099: PDB '' was not found with 'libcrypto.lib(cms_io.obj)' or at ''; linking object as if no debug info
libcrypto.lib(cms_att.obj) : warning LNK4099: PDB '' was not found with 'libcrypto.lib(cms_att.obj)' or at ''; linking object as if no debug info
libcrypto.lib(ct_oct.obj) : warning LNK4099: PDB '' was not found with 'libcrypto.lib(ct_oct.obj)' or at ''; linking object as if no debug info
libcrypto.lib(ct_prn.obj) : warning LNK4099: PDB '' was not found with 'libcrypto.lib(ct_prn.obj)' or at ''; linking object as if no debug info
libcrypto.lib(f_string.obj) : warning LNK4099: PDB '' was not found with 'libcrypto.lib(f_string.obj)' or at ''; linking object as if no debug info
libcrypto.lib(x509rset.obj) : warning LNK4099: PDB '' was not found with 'libcrypto.lib(x509rset.obj)' or at ''; linking object as if no debug info
libcrypto.lib(pcy_node.obj) : warning LNK4099: PDB '' was not found with 'libcrypto.lib(pcy_node.obj)' or at ''; linking object as if no debug info
libcrypto.lib(pcy_lib.obj) : warning LNK4099: PDB '' was not found with 'libcrypto.lib(pcy_lib.obj)' or at ''; linking object as if no debug info
libcrypto.lib(p12_asn.obj) : warning LNK4099: PDB '' was not found with 'libcrypto.lib(p12_asn.obj)' or at ''; linking object as if no debug info
libcrypto.lib(cms_dd.obj) : warning LNK4099: PDB '' was not found with 'libcrypto.lib(cms_dd.obj)' or at ''; linking object as if no debug info
libcrypto.lib(bio_ndef.obj) : warning LNK4099: PDB '' was not found with 'libcrypto.lib(bio_ndef.obj)' or at ''; linking object as if no debug info
libcrypto.lib(asn_mime.obj) : warning LNK4099: PDB '' was not found with 'libcrypto.lib(asn_mime.obj)' or at ''; linking object as if no debug info
libcrypto.lib(ct_sct.obj) : warning LNK4099: PDB '' was not found with 'libcrypto.lib(ct_sct.obj)' or at ''; linking object as if no debug info
libcrypto.lib(ct_log.obj) : warning LNK4099: PDB '' was not found with 'libcrypto.lib(ct_log.obj)' or at ''; linking object as if no debug info
libcrypto.lib(bio_asn1.obj) : warning LNK4099: PDB '' was not found with 'libcrypto.lib(bio_asn1.obj)' or at ''; linking object as if no debug info
libcrypto.lib(bio_b64.obj) : warning LNK4099: PDB '' was not found with 'libcrypto.lib(bio_b64.obj)' or at ''; linking object as if no debug info
libcrypto.lib(bf_buff.obj) : warning LNK4099: PDB '' was not found with 'libcrypto.lib(bf_buff.obj)' or at ''; linking object as if no debug info
libcrypto.lib(ct_sct_ctx.obj) : warning LNK4099: PDB '' was not found with 'libcrypto.lib(ct_sct_ctx.obj)' or at ''; linking object as if no debug info
libcrypto.lib(ct_vfy.obj) : warning LNK4099: PDB '' was not found with 'libcrypto.lib(ct_vfy.obj)' or at ''; linking object as if no debug info
libcrypto.lib(ct_b64.obj) : warning LNK4099: PDB '' was not found with 'libcrypto.lib(ct_b64.obj)' or at ''; linking object as if no debug info
libssh2.lib(misc.obj) : error LNK2019: unresolved external symbol __imp_vsnprintf referenced in function snprintf
MSVCRTD.lib(vsnprintf.obj) : error LNK2001: unresolved external symbol __imp_vsnprintf
libssh2.lib(channel.obj) : error LNK2019: unresolved external symbol __imp_sprintf referenced in function channel_x11_req
MSVCRTD.lib(vsnprintf.obj) : error LNK2001: unresolved external symbol __imp__vsnprintf
libcrypto.lib(cryptlib.obj) : error LNK2019: unresolved external symbol sscanf referenced in function OPENSSL_cpuid_setup
libcrypto.lib(v3_utl.obj) : error LNK2001: unresolved external symbol sscanf
libcrypto.lib(cryptlib.obj) : error LNK2019: unresolved external symbol _vsnwprintf referenced in function OPENSSL_showfatal
libcrypto.lib(cryptlib.obj) : error LNK2019: unresolved external symbol _vsnprintf referenced in function OPENSSL_showfatal
libcrypto.lib(eng_openssl.obj) : error LNK2019: unresolved external symbol fprintf referenced in function test_rc4_init_key
libcrypto.lib(pem_lib.obj) : error LNK2001: unresolved external symbol fprintf
libcrypto.lib(ui_openssl.obj) : error LNK2001: unresolved external symbol fprintf
libcrypto.lib(eng_openssl.obj) : error LNK2019: unresolved external symbol __iob_func referenced in function test_rc4_init_key
libcrypto.lib(e_capi.obj) : error LNK2001: unresolved external symbol __iob_func
libcrypto.lib(pem_lib.obj) : error LNK2001: unresolved external symbol __iob_func
libcrypto.lib(ui_openssl.obj) : error LNK2001: unresolved external symbol __iob_func
libcrypto.lib(dso_win32.obj) : error LNK2019: unresolved external symbol sprintf referenced in function win32_name_converter
C:\Users\trungvl\Projects\pgina\Plugins\SSHAuth\SSHAuthNative\Debug\x64\SSHAuthNative.dll : fatal error LNK1120: 9 unresolved externals
